TN:
SF:/mnt/c/Users/Fistus/Desktop/inlupp1_ioopm/hash_table.c
FN:45,possitve_modulo
FN:53,entry_create
FN:66,find_previous_entry_for_key
FN:80,reorder_entrys
FN:107,create_buckets
FN:119,ioopm_hash_table_resize
FN:137,ioopm_hash_table_create
FN:151,update_entry_value
FN:155,ioopm_hash_table_insert
FN:180,ioopm_hash_table_lookup
FN:199,entry_destroy
FN:205,ioopm_hash_table_remove
FN:223,bucket_destroy
FN:236,ioopm_hash_table_destroy
FN:247,ioopm_hash_table_is_empty
FN:259,ioopm_hash_table_clear
FN:270,itterate_over_bucket
FN:279,ioopm_hash_table_size
FN:289,ioopm_hash_table_keys
FN:309,ioopm_hash_table_values
FN:328,key_equiv
FN:335,value_equiv
FN:342,ioopm_hash_table_any
FN:358,ioopm_hash_table_all
FN:375,ioopm_hash_table_has_value
FN:379,ioopm_hash_table_has_key
FN:384,ioopm_hash_table_apply_to_all
FN:400,ioopm_hash_table_capacity
FNDA:601,possitve_modulo
FNDA:781,entry_create
FNDA:390,find_previous_entry_for_key
FNDA:25,reorder_entrys
FNDA:25,create_buckets
FNDA:25,ioopm_hash_table_resize
FNDA:18,ioopm_hash_table_create
FNDA:3,update_entry_value
FNDA:196,ioopm_hash_table_insert
FNDA:175,ioopm_hash_table_lookup
FNDA:781,entry_destroy
FNDA:6,ioopm_hash_table_remove
FNDA:593,bucket_destroy
FNDA:18,ioopm_hash_table_destroy
FNDA:11,ioopm_hash_table_is_empty
FNDA:5,ioopm_hash_table_clear
FNDA:14388,itterate_over_bucket
FNDA:206,ioopm_hash_table_size
FNDA:2,ioopm_hash_table_keys
FNDA:2,ioopm_hash_table_values
FNDA:4,key_equiv
FNDA:7,value_equiv
FNDA:10,ioopm_hash_table_any
FNDA:6,ioopm_hash_table_all
FNDA:5,ioopm_hash_table_has_value
FNDA:5,ioopm_hash_table_has_key
FNDA:2,ioopm_hash_table_apply_to_all
FNDA:2,ioopm_hash_table_capacity
FNF:28
FNH:28
DA:45,601
DA:46,601
DA:47,601
DA:48,8
DA:50,601
DA:53,781
DA:55,781
DA:56,781
DA:57,781
DA:58,781
DA:59,781
DA:66,390
DA:68,390
DA:69,810
DA:71,206
DA:72,176
DA:74,30
DA:75,30
DA:77,214
DA:80,25
DA:81,25
DA:82,25
DA:83,25
DA:84,318
DA:85,293
DA:86,293
DA:87,810
DA:89,224
DA:90,224
DA:93,224
DA:94,13
DA:95,13
DA:96,13
DA:97,13
DA:99,13
DA:101,211
DA:102,224
DA:105,25
DA:107,25
DA:108,25
DA:109,25
DA:111,613
DA:113,588
DA:116,25
DA:117,25
DA:119,25
DA:120,25
DA:121,25
DA:122,25
DA:123,25
DA:124,300
DA:126,275
DA:127,25
DA:128,25
DA:131,25
DA:132,25
DA:133,25
DA:137,18
DA:140,18
DA:141,18
DA:142,18
DA:143,18
DA:144,18
DA:145,18
DA:146,18
DA:151,3
DA:152,3
DA:153,3
DA:155,196
DA:158,196
DA:159,7
DA:163,196
DA:164,196
DA:165,196
DA:166,196
DA:168,196
DA:169,196
DA:171,196
DA:172,3
DA:175,193
DA:176,193
DA:178,196
DA:180,175
DA:181,175
DA:182,175
DA:183,175
DA:185,175
DA:186,175
DA:187,175
DA:189,167
DA:191,167
DA:192,167
DA:195,8
DA:196,8
DA:199,781
DA:200,781
DA:201,781
DA:202,781
DA:205,6
DA:206,6
DA:207,6
DA:209,6
DA:211,6
DA:212,6
DA:213,6
DA:214,2
DA:216,4
DA:217,4
DA:218,4
DA:219,4
DA:220,4
DA:223,593
DA:225,593
DA:226,1370
DA:228,184
DA:229,184
DA:230,184
DA:232,593
DA:234,593
DA:236,18
DA:237,606
DA:238,588
DA:241,18
DA:242,18
DA:243,18
DA:244,18
DA:245,18
DA:247,11
DA:249,114
DA:251,108
DA:253,5
DA:256,6
DA:259,5
DA:261,90
DA:263,85
DA:264,5
DA:265,5
DA:268,5
DA:270,14388
DA:272,35772
DA:274,6996
DA:275,6996
DA:277,14388
DA:279,206
DA:280,206
DA:281,14594
DA:283,14388
DA:284,14388
DA:286,206
DA:289,2
DA:290,2
DA:291,2
DA:292,2
DA:293,2
DA:296,1
DA:298,18
DA:299,17
DA:300,35
DA:301,1
DA:302,1
DA:305,1
DA:309,2
DA:310,2
DA:311,2
DA:312,2
DA:313,2
DA:316,1
DA:318,18
DA:319,17
DA:320,35
DA:321,1
DA:322,1
DA:325,1
DA:328,4
DA:329,4
DA:330,4
DA:331,4
DA:332,4
DA:335,7
DA:336,7
DA:337,7
DA:338,7
DA:339,7
DA:342,10
DA:343,10
DA:346,95
DA:347,90
DA:348,186
DA:349,11
DA:350,5
DA:352,6
DA:355,5
DA:358,6
DA:359,6
DA:360,6
DA:361,2
DA:363,38
DA:364,36
DA:365,81
DA:366,11
DA:367,2
DA:369,9
DA:372,2
DA:375,5
DA:376,5
DA:379,5
DA:381,5
DA:384,2
DA:385,2
DA:386,2
DA:387,36
DA:388,34
DA:389,72
DA:390,4
DA:391,4
DA:392,4
DA:393,4
DA:396,2
DA:397,2
DA:398,2
DA:400,2
DA:401,2
LF:222
LH:222
end_of_record
TN:
SF:/mnt/c/Users/Fistus/Desktop/inlupp1_ioopm/hash_table_test.c
FN:11,init_suite
FN:16,clean_suite
FN:33,get_int_hash_key
FN:37,int_key_cmp
FN:41,int_value_cmp
FN:45,string_value_cmp
FN:49,str_key_cmp
FN:54,string_sum_hash
FN:70,string_equal
FN:80,change_value
FN:88,test_create_and_destroy
FN:99,test_insert
FN:110,test_insert_lookup_int
FN:130,test_insert_lookup_str
FN:146,test_char_for_keys
FN:163,test_lookup
FN:200,test_remove
FN:227,test_hashtable_size
FN:257,test_is_empty
FN:275,test_clear
FN:289,test_table_keys
FN:311,test_table_values
FN:331,test_has_key
FN:361,test_has_value
FN:390,test_hash_table_all
FN:408,test_apply_to_all
FN:427,test_growing_buckets
FN:471,main
FNDA:1,init_suite
FNDA:1,clean_suite
FNDA:596,get_int_hash_key
FNDA:352,int_key_cmp
FNDA:0,int_value_cmp
FNDA:18,string_value_cmp
FNDA:34,str_key_cmp
FNDA:5,string_sum_hash
FNDA:11,string_equal
FNDA:4,change_value
FNDA:1,test_create_and_destroy
FNDA:1,test_insert
FNDA:1,test_insert_lookup_int
FNDA:1,test_insert_lookup_str
FNDA:1,test_char_for_keys
FNDA:1,test_lookup
FNDA:1,test_remove
FNDA:1,test_hashtable_size
FNDA:1,test_is_empty
FNDA:1,test_clear
FNDA:1,test_table_keys
FNDA:1,test_table_values
FNDA:1,test_has_key
FNDA:1,test_has_value
FNDA:1,test_hash_table_all
FNDA:1,test_apply_to_all
FNDA:1,test_growing_buckets
FNDA:1,main
FNF:28
FNH:27
DA:11,1
DA:13,1
DA:16,1
DA:18,1
DA:33,596
DA:34,596
DA:37,352
DA:38,352
DA:41,0
DA:42,0
DA:45,18
DA:46,18
DA:49,34
DA:50,34
DA:54,5
DA:56,5
DA:57,5
DA:60,7
DA:62,7
DA:63,5
DA:70,11
DA:71,11
DA:72,11
DA:73,11
DA:80,4
DA:83,4
DA:84,4
DA:85,4
DA:86,4
DA:88,1
DA:91,1
DA:92,1
DA:95,1
DA:96,1
DA:97,1
DA:99,1
DA:100,1
DA:101,1
DA:103,18
DA:105,17
DA:107,1
DA:108,1
DA:110,1
DA:113,1
DA:114,1
DA:115,1
DA:116,18
DA:118,17
DA:120,18
DA:122,17
DA:123,17
DA:126,1
DA:127,1
DA:130,1
DA:131,1
DA:132,1
DA:133,1
DA:134,17
DA:136,16
DA:138,17
DA:140,16
DA:141,16
DA:143,1
DA:144,1
DA:146,1
DA:147,1
DA:148,1
DA:149,1
DA:150,1
DA:152,1
DA:153,1
DA:154,1
DA:155,1
DA:156,1
DA:157,1
DA:158,1
DA:159,1
DA:160,1
DA:161,1
DA:163,1
DA:164,1
DA:165,1
DA:167,1
DA:168,1
DA:171,1
DA:172,1
DA:173,1
DA:174,1
DA:175,1
DA:178,1
DA:179,1
DA:180,1
DA:181,1
DA:184,1
DA:185,1
DA:187,1
DA:188,1
DA:190,1
DA:191,1
DA:193,1
DA:194,1
DA:196,1
DA:197,1
DA:200,1
DA:201,1
DA:204,1
DA:206,1
DA:207,1
DA:208,1
DA:212,1
DA:215,1
DA:218,1
DA:221,1
DA:223,1
DA:224,1
DA:227,1
DA:228,1
DA:230,1
DA:233,1
DA:234,1
DA:237,1
DA:238,1
DA:239,1
DA:242,1
DA:243,1
DA:246,1
DA:247,1
DA:248,1
DA:251,1
DA:252,1
DA:254,1
DA:255,1
DA:257,1
DA:258,1
DA:260,1
DA:263,1
DA:264,1
DA:267,1
DA:268,1
DA:269,1
DA:271,1
DA:272,1
DA:275,1
DA:276,1
DA:278,1
DA:279,1
DA:282,1
DA:283,1
DA:284,1
DA:286,1
DA:287,1
DA:289,1
DA:290,1
DA:293,1
DA:294,1
DA:295,1
DA:299,1
DA:300,1
DA:301,1
DA:302,1
DA:303,1
DA:305,1
DA:307,1
DA:308,1
DA:311,1
DA:312,1
DA:315,1
DA:316,1
DA:317,1
DA:320,1
DA:321,1
DA:323,1
DA:324,1
DA:325,1
DA:327,1
DA:328,1
DA:331,1
DA:332,1
DA:335,1
DA:336,1
DA:339,1
DA:340,1
DA:341,1
DA:342,1
DA:343,1
DA:344,1
DA:347,1
DA:348,1
DA:349,1
DA:352,1
DA:353,1
DA:354,1
DA:356,1
DA:357,1
DA:361,1
DA:362,1
DA:364,1
DA:365,1
DA:368,1
DA:369,1
DA:370,1
DA:373,1
DA:375,1
DA:377,1
DA:378,1
DA:379,1
DA:380,1
DA:383,1
DA:384,1
DA:386,1
DA:388,1
DA:390,1
DA:391,1
DA:392,1
DA:394,1
DA:396,1
DA:397,1
DA:398,1
DA:399,1
DA:401,1
DA:402,1
DA:403,1
DA:405,1
DA:406,1
DA:408,1
DA:409,1
DA:410,1
DA:412,1
DA:413,1
DA:415,1
DA:416,1
DA:417,1
DA:418,1
DA:419,1
DA:421,1
DA:422,1
DA:424,1
DA:425,1
DA:427,1
DA:428,1
DA:433,11
DA:435,10
DA:437,1
DA:438,1
DA:442,6
DA:444,5
DA:446,1
DA:447,1
DA:449,16
DA:450,15
DA:451,15
DA:452,15
DA:456,101
DA:458,100
DA:460,1
DA:462,116
DA:463,115
DA:464,115
DA:465,115
DA:468,1
DA:469,1
DA:471,1
DA:473,1
DA:475,1
DA:476,0
DA:478,1
DA:479,1
DA:481,0
DA:482,0
DA:485,1
DA:486,2
DA:487,2
DA:488,2
DA:489,2
DA:490,2
DA:491,2
DA:492,2
DA:493,2
DA:494,2
DA:495,2
DA:496,2
DA:497,2
DA:498,2
DA:499,2
DA:500,2
DA:501,2
DA:502,1
DA:506,0
DA:507,0
DA:510,1
DA:511,1
DA:512,1
DA:513,1
LF:293
LH:286
end_of_record
TN:
SF:/mnt/c/Users/Fistus/Desktop/inlupp1_ioopm/linked_list.c
FN:41,ioopm_list_iterator
FN:50,create_link
FN:57,ioopm_linked_list_create
FN:67,destroy_link
FN:72,ioopm_linked_list_destroy
FN:85,ioopm_linked_list_append
FN:92,ioopm_linked_list_prepend
FN:102,find_previous_link
FN:111,ioopm_linked_list_insert
FN:123,ioopm_linked_list_remove
FN:153,ioopm_linked_list_get
FN:161,ioopm_linked_list_contains
FN:171,ioopm_linked_list_size
FN:182,ioopm_linked_list_is_empty
FN:187,ioopm_linked_list_clear
FN:200,ioopm_linked_list_all
FN:217,ioopm_linked_list_any
FN:234,ioopm_linked_apply_to_all
FNDA:0,ioopm_list_iterator
FNDA:6,create_link
FNDA:4,ioopm_linked_list_create
FNDA:6,destroy_link
FNDA:4,ioopm_linked_list_destroy
FNDA:2,ioopm_linked_list_append
FNDA:0,ioopm_linked_list_prepend
FNDA:2,find_previous_link
FNDA:0,ioopm_linked_list_insert
FNDA:0,ioopm_linked_list_remove
FNDA:2,ioopm_linked_list_get
FNDA:0,ioopm_linked_list_contains
FNDA:4,ioopm_linked_list_size
FNDA:0,ioopm_linked_list_is_empty
FNDA:0,ioopm_linked_list_clear
FNDA:0,ioopm_linked_list_all
FNDA:0,ioopm_linked_list_any
FNDA:0,ioopm_linked_apply_to_all
FNF:18
FNH:8
DA:41,0
DA:42,0
DA:44,0
DA:45,0
DA:47,0
DA:50,6
DA:51,6
DA:52,6
DA:53,6
DA:54,6
DA:57,4
DA:58,4
DA:59,4
DA:60,4
DA:61,4
DA:62,4
DA:63,4
DA:64,4
DA:67,6
DA:68,6
DA:69,6
DA:70,6
DA:72,4
DA:74,4
DA:76,14
DA:77,6
DA:78,6
DA:79,6
DA:81,4
DA:82,4
DA:83,4
DA:85,2
DA:86,2
DA:87,2
DA:88,2
DA:89,2
DA:90,2
DA:92,0
DA:93,0
DA:94,0
DA:95,0
DA:96,0
DA:98,0
DA:99,0
DA:102,2
DA:103,2
DA:104,2
DA:105,0
DA:107,2
DA:111,0
DA:113,0
DA:114,0
DA:115,0
DA:116,0
DA:117,0
DA:119,0
DA:120,0
DA:123,0
DA:124,0
DA:127,0
DA:129,0
DA:132,0
DA:133,0
DA:134,0
DA:135,0
DA:136,0
DA:137,0
DA:141,0
DA:143,0
DA:146,0
DA:149,0
DA:153,2
DA:154,2
DA:156,2
DA:158,2
DA:161,0
DA:162,0
DA:163,0
DA:165,0
DA:168,0
DA:171,4
DA:172,4
DA:173,4
DA:174,10
DA:176,2
DA:177,2
DA:179,4
DA:182,0
DA:183,0
DA:187,0
DA:189,0
DA:191,0
DA:192,0
DA:193,0
DA:194,0
DA:196,0
DA:197,0
DA:198,0
DA:200,0
DA:202,0
DA:203,0
DA:205,0
DA:208,0
DA:209,0
DA:211,0
DA:213,0
DA:214,0
DA:217,0
DA:218,0
DA:219,0
DA:222,0
DA:225,0
DA:226,0
DA:228,0
DA:230,0
DA:231,0
DA:234,0
DA:235,0
DA:237,0
DA:239,0
LF:120
LH:47
end_of_record
